#
# There is insufficient memory for the Java Runtime Environment to continue.
# Native memory allocation (mmap) failed to map 268435456 bytes for Failed to commit area from 0x0000000701000000 to 0x0000000711000000 of length 268435456.
# Possible reasons:
#   The system is out of physical RAM or swap space
#   The process is running with CompressedOops enabled, and the Java Heap may be blocking the growth of the native heap
# Possible solutions:
#   Reduce memory load on the system
#   Increase physical memory or swap space
#   Check if swap backing store is full
#   Decrease Java heap size (-Xmx/-Xms)
#   Decrease number of Java threads
#   Decrease Java thread stack sizes (-Xss)
#   Set larger code cache with -XX:ReservedCodeCacheSize=
# This output file may be truncated or incomplete.
#
#  Out of Memory Error (./src/hotspot/os/windows/os_windows.cpp:3303), pid=1124, tid=25500
#
# JRE version:  (11.0.7+10) (build )
# Java VM: OpenJDK 64-Bit Server VM (11.0.7+10, mixed mode, sharing, tiered, compressed oops, g1 gc, windows-amd64)
# No core dump will be written. Minidumps are not enabled by default on client versions of Windows
#

---------------  S U M M A R Y ------------

Command Line: -ea -Didea.test.cyclic.buffer.size=1048576 -javaagent:C:\Users\snezhinka\AppData\Local\JetBrains\Toolbox\apps\IDEA-C\ch-0\201.6668.121\lib\idea_rt.jar=57090:C:\Users\snezhinka\AppData\Local\JetBrains\Toolbox\apps\IDEA-C\ch-0\201.6668.121\bin -Dfile.encoding=UTF-8 com.intellij.rt.junit.JUnitStarter -ideVersion5 -junit5 ru.netology.stats.StatsServiceTest

Host: AMD Ryzen 3 1200 Quad-Core Processor           , 4 cores, 15G,  Windows 10 , 64 bit Build 18362 (10.0.18362.900)
Time: Mon Jul 13 00:26:35 2020 RTZ 2 (ceia) elapsed time: 0 seconds (0d 0h 0m 0s)

---------------  T H R E A D  ---------------

Current thread (0x000001490ce6b800):  JavaThread "Unknown thread" [_thread_in_vm, id=25500, stack(0x0000003b8a300000,0x0000003b8a400000)]

Stack: [0x0000003b8a300000,0x0000003b8a400000]
Native frames: (J=compiled Java code, j=interpreted, Vv=VM code, C=native code)
V  [jvm.dll+0x5dec5a]
V  [jvm.dll+0x71671e]
V  [jvm.dll+0x717def]
V  [jvm.dll+0x7184b3]
V  [jvm.dll+0x2409b8]
V  [jvm.dll+0x5dbf1a]
V  [jvm.dll+0x5d0c05]
V  [jvm.dll+0x2f614c]
V  [jvm.dll+0x2f5fd2]
V  [jvm.dll+0x2fac86]
V  [jvm.dll+0x33eb4f]
V  [jvm.dll+0x33e580]
V  [jvm.dll+0x2d3518]
V  [jvm.dll+0x2d4666]
V  [jvm.dll+0x6f2437]
V  [jvm.dll+0x6f3bbf]
V  [jvm.dll+0x34b8d9]
V  [jvm.dll+0x6d5aa0]
V  [jvm.dll+0x3b2c8f]
V  [jvm.dll+0x3b4f41]
C  [jli.dll+0x51fb]
C  [ucrtbase.dll+0x20e82]
C  [KERNEL32.DLL+0x17bd4]
C  [ntdll.dll+0x6ce51]


---------------  P R O C E S S  ---------------

Threads class SMR info:
_java_thread_list=0x000001490adc5840, length=0, elements={
}

Java Threads: ( => current thread )

Other Threads:
  0x000001490ce84800 GCTaskThread "GC Thread#0" [stack: 0x0000003b8a400000,0x0000003b8a500000] [id=21540]
  0x000001490cee1000 ConcurrentGCThread "G1 Main Marker" [stack: 0x0000003b8a500000,0x0000003b8a600000] [id=15776]
  0x000001490cee3800 ConcurrentGCThread "G1 Conc#0" [stack: 0x0000003b8a600000,0x0000003b8a700000] [id=1284]

[error occurred during error reporting (printing all threads), id 0xc0000005, EXCEPTION_ACCESS_VIOLATION (0xc0000005) at pc=0x00007ff8bed32b67]

VM state:not at safepoint (not fully initialized)

VM Mutex/Monitor currently owned by a thread:  ([mutex/lock_event])
[0x000001490ce68880] Heap_lock - owner thread: 0x000001490ce6b800

Heap address: 0x0000000701000000, size: 4080 MB, Compressed Oops mode: Non-zero based: 0x0000000701000000
Narrow klass base: 0x0000000000000000, Narrow klass shift: 0

GC Heap History (0 events):
No events

Deoptimization events (0 events):
No events

Classes redefined (0 events):
No events

Internal exceptions (0 events):
No events

Events (2 events):
Event: 0.015 Loaded shared library C:\Program Files\AdoptOpenJDK\jdk-11.0.7.10-hotspot\bin\zip.dll
Event: 0.016 Loaded shared library C:\Program Files\AdoptOpenJDK\jdk-11.0.7.10-hotspot\bin\jimage.dll


Dynamic libraries:
0x00007ff7fd110000 - 0x00007ff7fd11d000 	C:\Program Files\AdoptOpenJDK\jdk-11.0.7.10-hotspot\bin\java.exe
0x00007ff8f3f20000 - 0x00007ff8f4110000 	C:\Windows\SYSTEM32\ntdll.dll
0x00007ff8f22e0000 - 0x00007ff8f2392000 	C:\Windows\System32\KERNEL32.DLL
0x00007ff8f1000000 - 0x00007ff8f12a4000 	C:\Windows\System32\KERNELBASE.dll
0x00007ff8f1eb0000 - 0x00007ff8f1faa000 	C:\Windows\System32\ucrtbase.dll
0x00007ff8ecb80000 - 0x00007ff8ecb97000 	C:\Program Files\AdoptOpenJDK\jdk-11.0.7.10-hotspot\bin\jli.dll
0x00007ff8ecb60000 - 0x00007ff8ecb75000 	C:\Program Files\AdoptOpenJDK\jdk-11.0.7.10-hotspot\bin\VCRUNTIME140.dll
0x00007ff8f2470000 - 0x00007ff8f2604000 	C:\Windows\System32\USER32.dll
0x00007ff8f0eb0000 - 0x00007ff8f0ed1000 	C:\Windows\System32\win32u.dll
0x00007ff8f20a0000 - 0x00007ff8f20c6000 	C:\Windows\System32\GDI32.dll
0x00007ff8f1ce0000 - 0x00007ff8f1e75000 	C:\Windows\System32\gdi32full.dll
0x00007ff8f0ee0000 - 0x00007ff8f0f7e000 	C:\Windows\System32\msvcp_win.dll
0x00007ff8f02f0000 - 0x00007ff8f0574000 	C:\Windows\WinSxS\amd64_microsoft.windows.common-controls_6595b64144ccf1df_6.0.18362.900_none_e6beb9d913147d17\COMCTL32.dll
0x00007ff8f3820000 - 0x00007ff8f38be000 	C:\Windows\System32\msvcrt.dll
0x00007ff8f38c0000 - 0x00007ff8f3bf5000 	C:\Windows\System32\combase.dll
0x00007ff8f3dc0000 - 0x00007ff8f3ee0000 	C:\Windows\System32\RPCRT4.dll
0x00007ff8f0f80000 - 0x00007ff8f1000000 	C:\Windows\System32\bcryptPrimitives.dll
0x00007ff8f2250000 - 0x00007ff8f227e000 	C:\Windows\System32\IMM32.DLL
0x00007ff8c61d0000 - 0x00007ff8c626b000 	C:\Program Files\AdoptOpenJDK\jdk-11.0.7.10-hotspot\bin\msvcp140.dll
0x00007ff8bea50000 - 0x00007ff8bf50c000 	C:\Program Files\AdoptOpenJDK\jdk-11.0.7.10-hotspot\bin\server\jvm.dll
0x00007ff8f2de0000 - 0x00007ff8f2e83000 	C:\Windows\System32\ADVAPI32.dll
0x00007ff8f2720000 - 0x00007ff8f27b7000 	C:\Windows\System32\sechost.dll
0x00007ff8f3810000 - 0x00007ff8f3818000 	C:\Windows\System32\PSAPI.DLL
0x00007ff8e1d60000 - 0x00007ff8e1d69000 	C:\Windows\SYSTEM32\WSOCK32.dll
0x00007ff8f2d70000 - 0x00007ff8f2ddf000 	C:\Windows\System32\WS2_32.dll
0x00007ff8ee140000 - 0x00007ff8ee164000 	C:\Windows\SYSTEM32\WINMM.dll
0x00007ff8e9090000 - 0x00007ff8e909a000 	C:\Windows\SYSTEM32\VERSION.dll
0x00007ff8ee010000 - 0x00007ff8ee03d000 	C:\Windows\SYSTEM32\WINMMBASE.dll
0x00007ff8f1460000 - 0x00007ff8f14aa000 	C:\Windows\System32\cfgmgr32.dll
0x00007ff8f0e90000 - 0x00007ff8f0ea1000 	C:\Windows\System32\kernel.appcore.dll
0x00007ff8ecb50000 - 0x00007ff8ecb60000 	C:\Program Files\AdoptOpenJDK\jdk-11.0.7.10-hotspot\bin\verify.dll
0x00007ff8f0900000 - 0x00007ff8f0af4000 	C:\Windows\SYSTEM32\DBGHELP.DLL
0x00007ff8f0670000 - 0x00007ff8f069a000 	C:\Windows\SYSTEM32\dbgcore.DLL
0x00007ff8e20e0000 - 0x00007ff8e2108000 	C:\Program Files\AdoptOpenJDK\jdk-11.0.7.10-hotspot\bin\java.dll
0x00007ff8d8e70000 - 0x00007ff8d8e7e000 	C:\Program Files\AdoptOpenJDK\jdk-11.0.7.10-hotspot\bin\instrument.dll
0x00007ff8d5080000 - 0x00007ff8d5096000 	C:\Program Files\AdoptOpenJDK\jdk-11.0.7.10-hotspot\bin\zip.dll
0x00007ff8e7130000 - 0x00007ff8e713a000 	C:\Program Files\AdoptOpenJDK\jdk-11.0.7.10-hotspot\bin\jimage.dll

dbghelp: loaded successfully - version: 4.0.5 - missing functions: none
symbol engine: initialized successfully - sym options: 0x614 - pdb path: .;C:\Program Files\AdoptOpenJDK\jdk-11.0.7.10-hotspot\bin;C:\Windows\SYSTEM32;C:\Windows\WinSxS\amd64_microsoft.windows.common-controls_6595b64144ccf1df_6.0.18362.900_none_e6beb9d913147d17;C:\Program Files\AdoptOpenJDK\jdk-11.0.7.10-hotspot\bin\server

VM Arguments:
jvm_args: -ea -Didea.test.cyclic.buffer.size=1048576 -javaagent:C:\Users\snezhinka\AppData\Local\JetBrains\Toolbox\apps\IDEA-C\ch-0\201.6668.121\lib\idea_rt.jar=57090:C:\Users\snezhinka\AppData\Local\JetBrains\Toolbox\apps\IDEA-C\ch-0\201.6668.121\bin -Dfile.encoding=UTF-8 
java_command: com.intellij.rt.junit.JUnitStarter -ideVersion5 -junit5 ru.netology.stats.StatsServiceTest
java_class_path (initial): C:\Users\snezhinka\AppData\Local\JetBrains\Toolbox\apps\IDEA-C\ch-0\201.6668.121\lib\idea_rt.jar;C:\Users\snezhinka\.m2\repository\org\junit\platform\junit-platform-launcher\1.7.0-M1\junit-platform-launcher-1.7.0-M1.jar;C:\Users\snezhinka\AppData\Local\JetBrains\Toolbox\apps\IDEA-C\ch-0\201.6668.121\plugins\junit\lib\junit5-rt.jar;C:\Users\snezhinka\AppData\Local\JetBrains\Toolbox\apps\IDEA-C\ch-0\201.6668.121\plugins\junit\lib\junit-rt.jar;D:\Marina\NetologyJava\dz6\task1\target\test-classes;D:\Marina\NetologyJava\dz6\task1\target\classes;C:\Users\snezhinka\.m2\repository\org\junit\jupiter\junit-jupiter-api\5.7.0-M1\junit-jupiter-api-5.7.0-M1.jar;C:\Users\snezhinka\.m2\repository\org\apiguardian\apiguardian-api\1.1.0\apiguardian-api-1.1.0.jar;C:\Users\snezhinka\.m2\repository\org\opentest4j\opentest4j\1.2.0\opentest4j-1.2.0.jar;C:\Users\snezhinka\.m2\repository\org\junit\platform\junit-platform-commons\1.7.0-M1\junit-platform-commons-1.7.0-M1.jar;C:\Users\snezhinka\.m2\repository\org\junit\jupiter\junit-jupiter\5.7.0-M1\junit-jupiter-5.7.0-M1.jar;C:\Users\snezhinka\.m2\repository\org\junit\jupiter\junit-jupiter-params\5.7.0-M1\junit-jupiter-params-5.7.0-M1.jar;C:\Users\snezhinka\.m2\repository\org\junit\jupiter\junit-jupiter-engine\5.7.0-M1\junit-jupiter-engine-5.7.0-M1.jar;C:\Users\snezhinka\.m2\repository\org\junit\platform\junit-platform-engine\1.7.0-M1\junit-platform-engine-1.7.0-M1.jar
Launcher Type: SUN_STANDARD

[Global flags]
     intx CICompilerCount                          = 3                                         {product} {ergonomic}
     uint ConcGCThreads                            = 1                                         {product} {ergonomic}
     uint G1ConcRefinementThreads                  = 4                                         {product} {ergonomic}
   size_t G1HeapRegionSize                         = 1048576                                   {product} {ergonomic}
    uintx GCDrainStackTargetSize                   = 64                                        {product} {ergonomic}
   size_t InitialHeapSize                          = 268435456                                 {product} {ergonomic}
   size_t MarkStackSize                            = 4194304                                   {product} {ergonomic}
   size_t MaxHeapSize                              = 4278190080                                {product} {ergonomic}
   size_t MinHeapDeltaBytes                        = 1048576                                   {product} {ergonomic}
    uintx NonNMethodCodeHeapSize                   = 5830732                                {pd product} {ergonomic}
    uintx NonProfiledCodeHeapSize                  = 122913754                              {pd product} {ergonomic}
    uintx ProfiledCodeHeapSize                     = 122913754                              {pd product} {ergonomic}
    uintx ReservedCodeCacheSize                    = 251658240                              {pd product} {ergonomic}
     bool SegmentedCodeCache                       = true                                      {product} {ergonomic}
     bool UseCompressedClassPointers               = true                                 {lp64_product} {ergonomic}
     bool UseCompressedOops                        = true                                 {lp64_product} {ergonomic}
     bool UseG1GC                                  = true                                      {product} {ergonomic}
     bool UseLargePagesIndividualAllocation        = false                                  {pd product} {ergonomic}

Logging:
Log output configuration:
 #0: stdout all=warning uptime,level,tags
 #1: stderr all=off uptime,level,tags

Environment Variables:
PATH=C:\Program Files\AdoptOpenJDK\jdk-11.0.7.10-hotspot\bin;C:\ProgramData\Oracle\Java\javapath;C:\Windows\system32;C:\Windows;C:\Windows\System32\Wbem;C:\Windows\System32\WindowsPowerShell\v1.0\;C:\Windows\System32\OpenSSH\;C:\Program Files\Git\cmd;C:\Program Files\PuTTY\;C:\Users\snezhinka\AppData\Local\Microsoft\WindowsApps;
USERNAME=snezhinka
OS=Windows_NT
PROCESSOR_IDENTIFIER=AMD64 Family 23 Model 1 Stepping 1, AuthenticAMD



---------------  S Y S T E M  ---------------

OS: Windows 10 , 64 bit Build 18362 (10.0.18362.900)
OS uptime: 1 days 16:46 hours

CPU:total 4 (initial active 4) (4 cores per cpu, 1 threads per core) family 23 model 1 stepping 1, cmov, cx8, fxsr, mmx, sse, sse2, sse3, ssse3, sse4.1, sse4.2, popcnt, avx, avx2, aes, clmul, mmxext, 3dnowpref, lzcnt, sse4a, tsc, tscinvbit, tscinv, bmi1, bmi2, adx, sha, fma

Memory: 4k page, system-wide physical 16315M (4735M free)
TotalPageFile size 24507M (AvailPageFile size 229M)
current process WorkingSet (physical memory assigned to process): 10M, peak: 10M
current process commit charge ("private bytes"): 52M, peak: 308M

vm_info: OpenJDK 64-Bit Server VM (11.0.7+10) for windows-amd64 JRE (11.0.7+10), built on Apr 16 2020 11:43:40 by "" with MS VC++ 15.9 (VS2017)

END.
